<?xml version="1.0" encoding="UTF-8"?>
<testsuite xmlns:xsi="http://www.w3.org/2001/XMLSchema-instance" xsi:noNamespaceSchemaLocation="https://maven.apache.org/surefire/maven-surefire-plugin/xsd/surefire-test-report-3.0.xsd" version="3.0" name="com.ninhongo.NinhongoProjectApplicationTests" time="3.621" tests="1" errors="0" skipped="0" failures="0">
  <properties>
[...]
</properties>
  <testcase name="contextLoads" classname="com.ninhongo.NinhongoProjectApplicationTests" time="0.57">
    <system-out><![CDATA[12:55:05.954 [main] INFO org.springframework.test.context.support.AnnotationConfigContextLoaderUtils -- Could not detect default configuration classes for test class [com.ninhongo.NinhongoProjectApplicationTests]: NinhongoProjectApplicationTests does not declare any static, non-private, non-final, nested classes annotated with @Configuration.
12:55:06.024 [main] INFO org.springframework.boot.test.context.SpringBootTestContextBootstrapper -- Found @SpringBootConfiguration com.ninhongo.NinhongoProjectApplication for test class com.ninhongo.NinhongoProjectApplicationTests
12:55:06.127 [main] INFO org.springframework.boot.devtools.restart.RestartApplicationListener -- Restart disabled due to context in which it is running

  .   ____          _            __ _ _
 /\\ / ___'_ __ _ _(_)_ __  __ _ \ \ \ \
( ( )\___ | '_ | '_| | '_ \/ _` | \ \ \ \
 \\/  ___)| |_)| | | | | || (_| |  ) ) ) )
  '  |____| .__|_| |_|_| |_\__, | / / / /
 =========|_|==============|___/=/_/_/_/

 :: Spring Boot ::                (v3.3.1)

2024-07-27T12:55:06.285+02:00  INFO 1424 --- [NinhongoProject] [           main] c.n.NinhongoProjectApplicationTests      : Starting NinhongoProjectApplicationTests using Java 21.0.3 with PID 1424 (started by Zharell in C:\Users\Zharell\Documents\Projects\Workspace\NinhongoProject\NinhongoProject)
2024-07-27T12:55:06.286+02:00  INFO 1424 --- [NinhongoProject] [           main] c.n.NinhongoProjectApplicationTests      : No active profile set, falling back to 1 default profile: "default"
2024-07-27T12:55:06.759+02:00  WARN 1424 --- [NinhongoProject] [           main] trationDelegate$BeanPostProcessorChecker : Bean 'org.springframework.ws.config.annotation.DelegatingWsConfiguration' of type [org.springframework.ws.config.annotation.DelegatingWsConfiguration$$SpringCGLIB$$0] is not eligible for getting processed by all BeanPostProcessors (for example: not eligible for auto-proxying). The currently created BeanPostProcessor [annotationActionEndpointMapping] is declared through a non-static factory method on that class; consider declaring it as static instead.
2024-07-27T12:55:06.785+02:00  INFO 1424 --- [NinhongoProject] [           main] .w.s.a.s.AnnotationActionEndpointMapping : Supporting [WS-Addressing August 2004, WS-Addressing 1.0]
2024-07-27T12:55:08.871+02:00  INFO 1424 --- [NinhongoProject] [           main] c.n.NinhongoProjectApplicationTests      : Started NinhongoProjectApplicationTests in 2.751 seconds (process running for 3.444)
]]></system-out>
    <system-err><![CDATA[WARNING: A Java agent has been loaded dynamically (C:\Users\Zharell\.m2\repository\net\bytebuddy\byte-buddy-agent\1.14.17\byte-buddy-agent-1.14.17.jar)
WARNING: If a serviceability tool is in use, please run with -XX:+EnableDynamicAgentLoading to hide this warning
WARNING: If a serviceability tool is not in use, please run with -Djdk.instrument.traceUsage for more information
WARNING: Dynamic loading of agents will be disallowed by default in a future release
]]></system-err>
  </testcase>
</testsuite>