<?xml version="1.0" encoding="UTF-8"?>
<testsuite xmlns:xsi="http://www.w3.org/2001/XMLSchema-instance" xsi:noNamespaceSchemaLocation="https://maven.apache.org/surefire/maven-surefire-plugin/xsd/surefire-test-report-3.0.xsd" version="3.0" name="com.ninhongo.NinhongoProjectApplicationTests" time="6.307" tests="1" errors="0" skipped="0" failures="0">
  <properties>
[...]
</properties>
  <testcase name="contextLoads" classname="com.ninhongo.NinhongoProjectApplicationTests" time="0.966">
    <system-out><![CDATA[00:38:56.627 [main] INFO org.springframework.test.context.support.AnnotationConfigContextLoaderUtils -- Could not detect default configuration classes for test class [com.ninhongo.NinhongoProjectApplicationTests]: NinhongoProjectApplicationTests does not declare any static, non-private, non-final, nested classes annotated with @Configuration.
00:38:56.733 [main] INFO org.springframework.boot.test.context.SpringBootTestContextBootstrapper -- Found @SpringBootConfiguration com.ninhongo.NinhongoProjectApplication for test class com.ninhongo.NinhongoProjectApplicationTests
00:38:56.906 [main] INFO org.springframework.boot.devtools.restart.RestartApplicationListener -- Restart disabled due to context in which it is running

  .   ____          _            __ _ _
 /\\ / ___'_ __ _ _(_)_ __  __ _ \ \ \ \
( ( )\___ | '_ | '_| | '_ \/ _` | \ \ \ \
 \\/  ___)| |_)| | | | | || (_| |  ) ) ) )
  '  |____| .__|_| |_|_| |_\__, | / / / /
 =========|_|==============|___/=/_/_/_/

 :: Spring Boot ::                (v3.3.1)

2024-07-16T00:38:57.144+02:00  INFO 2000 --- [NinhongoProject] [           main] c.n.NinhongoProjectApplicationTests      : Starting NinhongoProjectApplicationTests using Java 17.0.9 with PID 2000 (started by Sergi in C:\Users\Sergi\Documents\ninhongo\NinhongoProject\NinhongoProject)
2024-07-16T00:38:57.145+02:00  INFO 2000 --- [NinhongoProject] [           main] c.n.NinhongoProjectApplicationTests      : No active profile set, falling back to 1 default profile: "default"
2024-07-16T00:38:58.047+02:00  WARN 2000 --- [NinhongoProject] [           main] trationDelegate$BeanPostProcessorChecker : Bean 'org.springframework.ws.config.annotation.DelegatingWsConfiguration' of type [org.springframework.ws.config.annotation.DelegatingWsConfiguration$$SpringCGLIB$$0] is not eligible for getting processed by all BeanPostProcessors (for example: not eligible for auto-proxying). The currently created BeanPostProcessor [annotationActionEndpointMapping] is declared through a non-static factory method on that class; consider declaring it as static instead.
2024-07-16T00:38:58.081+02:00  INFO 2000 --- [NinhongoProject] [           main] .w.s.a.s.AnnotationActionEndpointMapping : Supporting [WS-Addressing August 2004, WS-Addressing 1.0]
2024-07-16T00:39:01.773+02:00  INFO 2000 --- [NinhongoProject] [           main] c.n.NinhongoProjectApplicationTests      : Started NinhongoProjectApplicationTests in 4.881 seconds (process running for 5.792)
]]></system-out>
  </testcase>
</testsuite>